<?xml version="1.0" encoding="UTF-8"?>
<testng-results ignored="0" total="1" passed="1" failed="0" skipped="0">
  <reporter-output>
  </reporter-output>
  <suite started-at="2025-09-28T12:07:55 EDT" name="Surefire suite" finished-at="2025-09-28T12:08:03 EDT" duration-ms="7813">
    <groups>
      <group name="cucumber">
        <method signature="AbstractTestNGCucumberTests.runScenario(io.cucumber.testng.PickleWrapper,io.cucumber.testng.FeatureWrapper)[pri:0, instance:com.amazon.runners.TestRunner@7e0b85f9]" name="runScenario" class="io.cucumber.testng.AbstractTestNGCucumberTests"/>
      </group> <!-- cucumber -->
    </groups>
    <test started-at="2025-09-28T12:07:55 EDT" name="Surefire test" finished-at="2025-09-28T12:08:03 EDT" duration-ms="7813">
      <class name="com.amazon.runners.TestRunner">
        <test-method is-config="true" signature="setUpClass(org.testng.ITestContext)[pri:0, instance:com.amazon.runners.TestRunner@7e0b85f9]" started-at="2025-09-28T12:07:55 EDT" name="setUpClass" finished-at="2025-09-28T12:07:55 EDT" duration-ms="254" status="PASS">
          <params>
            <param index="0">
              <value>
                <![CDATA[org.testng.TestRunner@58d63b16]]>
              </value>
            </param>
          </params>
          <reporter-output>
          </reporter-output>
        </test-method> <!-- setUpClass -->
        <test-method signature="runScenario(io.cucumber.testng.PickleWrapper,io.cucumber.testng.FeatureWrapper)[pri:0, instance:com.amazon.runners.TestRunner@7e0b85f9]" started-at="2025-09-28T12:07:55 EDT" name="runScenario" description="Runs Cucumber Scenarios" data-provider="scenarios" finished-at="2025-09-28T12:08:03 EDT" duration-ms="7473" status="PASS">
          <params>
            <param index="0">
              <value>
                <![CDATA["Search for a laptop on Amazon"]]>
              </value>
            </param>
            <param index="1">
              <value>
                <![CDATA["Amazon Search"]]>
              </value>
            </param>
          </params>
          <reporter-output>
          </reporter-output>
        </test-method> <!-- runScenario -->
        <test-method is-config="true" signature="tearDownClass()[pri:0, instance:com.amazon.runners.TestRunner@7e0b85f9]" started-at="2025-09-28T12:08:03 EDT" name="tearDownClass" finished-at="2025-09-28T12:08:03 EDT" duration-ms="51" status="PASS">
          <reporter-output>
          </reporter-output>
        </test-method> <!-- tearDownClass -->
      </class> <!-- com.amazon.runners.TestRunner -->
    </test> <!-- Surefire test -->
  </suite> <!-- Surefire suite -->
</testng-results>
