<?xml version="1.0" encoding="UTF-8"?>
<testsuite xmlns:xsi="http://www.w3.org/2001/XMLSchema-instance" xsi:noNamespaceSchemaLocation="https://maven.apache.org/surefire/maven-surefire-plugin/xsd/surefire-test-report-3.0.xsd" version="3.0" name="com.amazon.runners.TestRunner" time="8.058" tests="1" errors="0" skipped="0" failures="0">
  <properties>
[...]
</properties>
  <testcase name="runScenario[&quot;Search for a laptop on Amazon&quot;, &quot;Amazon Search&quot;](1)" classname="com.amazon.runners.TestRunner" time="7.488">
    <system-out><![CDATA[
Scenario: Search for a laptop on Amazon           # file:///C:/Users/razsi/workspace/amazon-ui-test/src/test/resources/features/AmazonSearch.feature:3
ℹ️ No 'Continue shopping' button found, continue test.
  ✔ Given I am on the Amazon homepage             # com.amazon.stepdefinitions.AmazonSteps.i_am_on_the_amazon_homepage()
  ✔ When I type "laptop" in the search box        # com.amazon.stepdefinitions.AmazonSteps.i_type_in_the_search_box(java.lang.String)
  ✔ And I click the search button                 # com.amazon.stepdefinitions.AmazonSteps.i_click_the_search_button()
  ✔ Then I should see results related to "laptop" # com.amazon.stepdefinitions.AmazonSteps.i_should_see_results_related_to(java.lang.String)
]]></system-out>
    <system-err><![CDATA[SLF4J(W): No SLF4J providers were found.
SLF4J(W): Defaulting to no-operation (NOP) logger implementation
SLF4J(W): See https://www.slf4j.org/codes.html#noProviders for further details.
Sep 28, 2025 12:07:56 PM org.openqa.selenium.devtools.CdpVersionFinder findNearestMatch
WARNING: Unable to find an exact match for CDP version 140, returning the closest version; found: 139; Please update to a Selenium version that supports CDP version 140
]]></system-err>
  </testcase>
</testsuite>